<?xml version="1.0" encoding="UTF-8"?>
<!-- Generated by org.testng.reporters.JUnitReportReporter -->
<testsuite hostname="LAPTOP-MHUDEV9K" failures="0" tests="3" name="api.testCases.CartFlowTest" time="3.500" errors="0" timestamp="2025-08-02T18:40:01 IST" skipped="0">
  <testcase classname="api.testCases.CartFlowTest" name="testCreateCart" time="1.237"/>
  <testcase classname="api.testCases.CartFlowTest" name="testAddItemToCart" time="1.371"/>
  <testcase classname="api.testCases.CartFlowTest" name="testViewCartItems" time="0.892"/>
</testsuite> <!-- api.testCases.CartFlowTest -->
