<?xml version="1.0" encoding="UTF-8"?>
<!-- Generated by org.testng.reporters.JUnitReportReporter -->
<testsuite hostname="LAPTOP-MHUDEV9K" failures="0" tests="1" name="api.services.CustomerService" time="6.922" errors="0" timestamp="2025-08-06T09:10:09 IST" skipped="0">
  <testcase classname="api.services.CustomerService" name="performCustomerFlow" time="6.922"/>
</testsuite> <!-- api.services.CustomerService -->
