<?xml version="1.0" encoding="UTF-8"?>
<!-- Generated by org.testng.reporters.JUnitReportReporter -->
<testsuite hostname="LAPTOP-MHUDEV9K" failures="0" tests="3" name="api.testCases.CustomerFlowTest" time="5.437" errors="0" timestamp="2025-08-02T18:40:01 IST" skipped="0">
  <testcase classname="api.testCases.CustomerFlowTest" name="testCreateCustomer" time="2.405"/>
  <testcase classname="api.testCases.CustomerFlowTest" name="testGenerateCustomerToken" time="1.300"/>
  <testcase classname="api.testCases.CustomerFlowTest" name="testGetCustomerDetails" time="1.732"/>
</testsuite> <!-- api.testCases.CustomerFlowTest -->
