<?xml version="1.0" encoding="UTF-8"?>
<!-- Generated by org.testng.reporters.JUnitReportReporter -->
<testsuite hostname="LAPTOP-MHUDEV9K" failures="0" tests="1" name="api.services.CustomerService" time="6.988" errors="0" timestamp="2025-08-02T18:30:13 IST" skipped="0">
  <testcase classname="api.services.CustomerService" name="performCustomerFlow" time="6.988"/>
</testsuite> <!-- api.services.CustomerService -->
