<?xml version="1.0" encoding="UTF-8"?>
<!-- Generated by org.testng.reporters.JUnitReportReporter -->
<testsuite hostname="LAPTOP-MHUDEV9K" failures="0" tests="1" name="api.services.CustomerService" time="7.514" errors="0" timestamp="2025-08-03T19:47:03 IST" skipped="0">
  <testcase classname="api.services.CustomerService" name="performCustomerFlow" time="7.514"/>
</testsuite> <!-- api.services.CustomerService -->
